<?xml version="1.0" encoding="UTF-8"?>
<!-- Generated by org.testng.reporters.JUnitXMLReporter -->
<testsuite hostname="LAPTOP-RDKSQOER" ignored="2" name="Test" tests="1" failures="0" timestamp="2022-06-23T23:26:44 IST" time="0.088" errors="0">
  <testcase name="testcase3" time="0.014" classname="com.qa.pages.GroupTestCase"/>
  <testcase name="testCase2" time="0.0" classname="com.qa.pages.GroupTestCase">
    <ignored/>
  </testcase> <!-- testCase2 -->
  <testcase name="testCase1" time="0.0" classname="com.qa.pages.GroupTestCase">
    <ignored/>
  </testcase> <!-- testCase1 -->
</testsuite> <!-- Test -->
